[2026-04-23 13:35:37] TO: Nguyễn Linh Chi <26a4041219@hvnh.edu.vn>
SUBJECT: [OOP Shop] Xác nhận đơn hàng #5
BODY:

        
            🛒 OOP Shop - Xác nhận đơn hàng
            Kính gửi Nguyễn Linh Chi,
            Đơn hàng #5 của bạn đã được đặt thành công!
            
                
                    Sản phẩm
                    Đơn giá
                    SL
                    Thành tiền
                
                
                Nồi Cơm Điện Toshiba 1.8L
                890.000đ
                1
                890.000đ
            
            
            
                Tạm tính:890.000đ
                VAT:89.000đ
                Phí vận chuyển:0đ
                
                    TỔNG CỘNG:979.000đ
                
            
            Địa chỉ giao hàng: ngõ 105 Bạch Mai
            Trân trọng cảm ơn,OOP Shop Team
        
----------------------------------------------------------------------
[2026-04-24 13:16:58] TO: Nguyễn Linh Chi <26a4041219@hvnh.edu.vn>
SUBJECT: [OOP Shop] Xác nhận đơn hàng #6
BODY:

        
            🛒 OOP Shop - Xác nhận đơn hàng
            Kính gửi Nguyễn Linh Chi,
            Đơn hàng #6 của bạn đã được đặt thành công!
            
                
                    Sản phẩm
                    Đơn giá
                    SL
                    Thành tiền
                
                
                Lập trình PHP Nâng Cao
                185.000đ
                1
                185.000đ
            
            
            
                Tạm tính:185.000đ
                VAT:14.800đ
                Phí vận chuyển:0đ
                
                    TỔNG CỘNG:199.800đ
                
            
            Địa chỉ giao hàng: quang bình, kiến xương, thái bình
            Trân trọng cảm ơn,OOP Shop Team
        
----------------------------------------------------------------------
[2026-04-24 13:41:42] TO: Nguyễn Linh Chi <26a4041219@hvnh.edu.vn>
SUBJECT: [OOP Shop] Xác nhận đơn hàng #7
BODY:

        
            🛒 OOP Shop - Xác nhận đơn hàng
            Kính gửi Nguyễn Linh Chi,
            Đơn hàng #7 đã đặt thành công!
            
                
                    Sản phẩm
                    Đơn giá
                    SL
                    Thành tiền
                
                
                Bình Đun Siêu Tốc Philips
                590.000đ
                1
                590.000đ
            
            
            
                Tạm tính:590.000đ
                VAT:59.000đ
                Phí vận chuyển:0đ
                
                    TỔNG CỘNG:649.000đ
                
            
            Địa chỉ: thái bình
            Trân trọng,OOP Shop Team
        
----------------------------------------------------------------------
[2026-04-26 18:59:13] TO: Admin System <admin@shop.com>
SUBJECT: [OOP Shop] Xác nhận đơn hàng #1
BODY:

        
            🛒 OOP Shop - Xác nhận đơn hàng
            Kính gửi Admin System,
            Đơn hàng #1 đã đặt thành công!
            
                
                    Sản phẩm
                    Đơn giá
                    SL
                    Thành tiền
                
                
                Nồi Cơm Điện Toshiba 1.8L
                890.000đ
                1
                890.000đ
            
            
            
                Tạm tính:890.000đ
                VAT:89.000đ
                Phí vận chuyển:0đ
                
                    TỔNG CỘNG:979.000đ
                
            
            Địa chỉ: bạch mai
            Trân trọng,OOP Shop Team
        
----------------------------------------------------------------------
[2026-05-02 11:23:11] TO: Nguyễn Linh Chi <26a4041219@hvnh.edu.vn>
SUBJECT: [OOP Shop] Xác nhận đơn hàng #1
BODY:

        
            🛒 OOP Shop - Xác nhận đơn hàng
            Kính gửi Nguyễn Linh Chi,
            Đơn hàng #1 đã đặt thành công!
            
                
                    Sản phẩm
                    Đơn giá
                    SL
                    Thành tiền
                
                
                Chậu xi măng hình trụ sơn họa tiết 40x40cm XMDM008
                520.000đ
                1
                520.000đ
            
            
            
                Tạm tính:520.000đ
                VAT:52.000đ
                Phí vận chuyển:0đ
                
                    TỔNG CỘNG:572.000đ
                
            
            Địa chỉ: quang bình, kiến xương, thái bình
            Trân trọng,OOP Shop Team
        
----------------------------------------------------------------------
[2026-05-05 19:40:31] TO: Nguyễn Linh Chi <26a4041219@hvnh.edu.vn>
SUBJECT: [MOW Shop] Xác nhận đơn hàng #2
BODY:

        
            🛒 MOW Shop - Xác nhận đơn hàng
            Kính gửi Nguyễn Linh Chi,
            Đơn hàng #2 đã đặt thành công!
            
                
                    Sản phẩm
                    Đơn giá
                    SL
                    Thành tiền
                
                
                Chậu xi măng hình trụ sơn họa tiết 40x40cm XMDM008
                520.000đ
                1
                520.000đ
            
                Chậu xi măng hình giọt nước tự nhiên 32x52cm XMDM009
                340.000đ
                1
                340.000đ
            
                Chậu xi măng hình giọt nước sơn nhiều màu XMDM010
                480.000đ
                1
                480.000đ
            
                Chậu xi măng hình giọt nước sơn họa tiết XMDM011
                440.000đ
                1
                440.000đ
            
            
            
                Tạm tính:1.780.000đ
                VAT:178.000đ
                Phí vận chuyển:0đ
                
                    TỔNG CỘNG:1.958.000đ
                
            
            Địa chỉ: 105 bạch mai
            Trân trọng,MOW Shop Team
        
----------------------------------------------------------------------
[2026-05-05 19:41:58] TO: Nguyễn Linh Chi <26a4041219@hvnh.edu.vn>
SUBJECT: [MOW Shop] Xác nhận đơn hàng #3
BODY:

        
            🛒 MOW Shop - Xác nhận đơn hàng
            Kính gửi Nguyễn Linh Chi,
            Đơn hàng #3 đã đặt thành công!
            
                
                    Sản phẩm
                    Đơn giá
                    SL
                    Thành tiền
                
                
                Chậu xi măng đá mài trụ tròn dáng thấp XMDM012
                115.000đ
                1
                115.000đ
            
            
            
                Tạm tính:115.000đ
                VAT:9.200đ
                Phí vận chuyển:0đ
                
                    TỔNG CỘNG:124.200đ
                
            
            Địa chỉ: 105 bạch mai
            Trân trọng,MOW Shop Team
        
----------------------------------------------------------------------
[2026-05-06 06:04:13] TO: Nguyễn Linh Chi <26a4041219@hvnh.edu.vn>
SUBJECT: [MOW Shop] Xác nhận đơn hàng #4
BODY:

        
            🛒 MOW Shop - Xác nhận đơn hàng
            Kính gửi Nguyễn Linh Chi,
            Đơn hàng #4 đã đặt thành công!
            
                
                    Sản phẩm
                    Đơn giá
                    SL
                    Thành tiền
                
                
                Chậu đá mài Granito cao cấp dáng Remy màu trắng XMDM015
                460.000đ
                1
                460.000đ
            
            
            
                Tạm tính:460.000đ
                VAT:46.000đ
                Phí vận chuyển:35.000đ
                
                    TỔNG CỘNG:541.000đ
                
            
            Địa chỉ: 105 bạch mai
            Trân trọng,MOW Shop Team
        
----------------------------------------------------------------------
[2026-05-06 12:20:35] TO: Pham Thi Khanh Huyen <phamhuyen09042004@gmail.com>
SUBJECT: [MOW Shop] Xác nhận đơn hàng #1
BODY:

        
            🛒 MOW Shop - Xác nhận đơn hàng
            Kính gửi Pham Thi Khanh Huyen,
            Đơn hàng #1 đã đặt thành công!
            
                
                    Sản phẩm
                    Đơn giá
                    SL
                    Thành tiền
                
                
                Chậu xi măng hình giọt nước sơn nhiều màu XMDM010
                480.000đ
                3
                1.440.000đ
            
                Chậu xi măng hình giọt nước sơn họa tiết XMDM011
                440.000đ
                1
                440.000đ
            
            
            
                Tạm tính:1.880.000đ
                VAT:188.000đ
                Phí vận chuyển:0đ
                
                    TỔNG CỘNG:2.068.000đ
                
            
            Địa chỉ: dnvmsvk
            Trân trọng,MOW Shop Team
        
----------------------------------------------------------------------
[2026-05-06 12:29:06] TO: Pham Thi Khanh Huyen <phamhuyen09042004@gmail.com>
SUBJECT: [MOW Shop] Xác nhận đơn hàng #2
BODY:

        
            🛒 MOW Shop - Xác nhận đơn hàng
            Kính gửi Pham Thi Khanh Huyen,
            Đơn hàng #2 đã đặt thành công!
            
                
                    Sản phẩm
                    Đơn giá
                    SL
                    Thành tiền
                
                
                Chậu xi măng hình giọt nước sơn nhiều màu XMDM010
                480.000đ
                1
                480.000đ
            
            
            
                Tạm tính:480.000đ
                VAT:48.000đ
                Phí vận chuyển:35.000đ
                
                    TỔNG CỘNG:563.000đ
                
            
            Địa chỉ: f
            Trân trọng,MOW Shop Team
        
----------------------------------------------------------------------
[2026-05-06 13:48:58] TO: Nguyễn Văn b <user1@shop.com>
SUBJECT: [MOW Shop] Xác nhận đơn hàng #1
BODY:

        
            🛒 MOW Shop - Xác nhận đơn hàng
            Kính gửi Nguyễn Văn b,
            Đơn hàng #1 đã đặt thành công!
            
                
                    Sản phẩm
                    Đơn giá
                    SL
                    Thành tiền
                
                
                Chậu đá mài Granito cao cấp dáng Remy màu trắng XMDM015
                460.000đ
                1
                460.000đ
            
            
            
                Tạm tính:460.000đ
                VAT:46.000đ
                Phí vận chuyển:35.000đ
                
                    TỔNG CỘNG:541.000đ
                
            
            Địa chỉ: ff
            Trân trọng,MOW Shop Team
        
----------------------------------------------------------------------
[2026-05-06 16:05:55] TO: Nguyễn Thị Mỹ Hạnh <myhanhchelly@gmail.com>
SUBJECT: [MOW Shop] Xác nhận đơn hàng #1
BODY:

        
            🛒 MOW Shop - Xác nhận đơn hàng
            Kính gửi Nguyễn Thị Mỹ Hạnh,
            Đơn hàng #1 đã đặt thành công!
            
                
                    Sản phẩm
                    Đơn giá
                    SL
                    Thành tiền
                
                
                Chậu xi măng hình giọt nước sơn nhiều màu XMDM010
                480.000đ
                2
                960.000đ
            
            
            
                Tạm tính:960.000đ
                VAT:96.000đ
                Phí vận chuyển:0đ
                
                    TỔNG CỘNG:1.056.000đ
                
            
            Địa chỉ: sss
            Trân trọng,MOW Shop Team
        
----------------------------------------------------------------------
[2026-05-06 18:32:04] TO: Nguyễn Văn b <user1@shop.com>
SUBJECT: [MOW Shop] Xác nhận đơn hàng #2
BODY:

        
            🛒 MOW Shop - Xác nhận đơn hàng
            Kính gửi Nguyễn Văn b,
            Đơn hàng #2 đã đặt thành công!
            
                
                    Sản phẩm
                    Đơn giá
                    SL
                    Thành tiền
                
                
                Chậu xi măng đá mài trụ tròn dáng thấp XMDM012
                115.000đ
                1
                115.000đ
            
            
            
                Tạm tính:115.000đ
                VAT:11.500đ
                Phí vận chuyển:35.000đ
                
                    TỔNG CỘNG:161.500đ
                
            
            Địa chỉ: h
            Trân trọng,MOW Shop Team
        
----------------------------------------------------------------------
